Build started 2015/6/3 23:12:01.
Project "C:\Users\xuchuwen\Documents\Visual Studio 2012\Projects\MFCApplication4 - s - save\MFCApplication4\MFCApplication4.vcxproj" on node 2 (Build target(s)).
ClCompile:
  C:\Program Files (x86)\Microsoft Visual Studio 11.0\VC\bin\CL.exe /c /ZI /nologo /W3 /WX- /sdl /Od /Oy- /D WIN32 /D _WINDOWS /D _DEBUG /D _UNICODE /D UNICODE /D _AFXDLL /Gm /EHsc /RTC1 /MDd /GS /fp:precise /Zc:wchar_t /Zc:forScope /Yu"stdafx.h" /Fp"Debug\MFCApplication4.pch" /Fo"Debug\\" /Fd"Debug\vc110.pdb" /Gd /TP /analyze- /errorReport:prompt MFCApplication4Dlg.cpp
  MFCApplication4Dlg.cpp
c:\users\xuchuwen\documents\visual studio 2012\projects\mfcapplication4 - s - save\mfcapplication4\mfcapplication4dlg.cpp(493): warning C4244: '=' : conversion from 'double' to 'int', possible loss of data
c:\users\xuchuwen\documents\visual studio 2012\projects\mfcapplication4 - s - save\mfcapplication4\mfcapplication4dlg.cpp(496): warning C4804: '>=' : unsafe use of type 'bool' in operation
c:\users\xuchuwen\documents\visual studio 2012\projects\mfcapplication4 - s - save\mfcapplication4\mfcapplication4dlg.cpp(498): warning C4244: '=' : conversion from 'double' to 'Gdiplus::REAL', possible loss of data
c:\users\xuchuwen\documents\visual studio 2012\projects\mfcapplication4 - s - save\mfcapplication4\mfcapplication4dlg.cpp(499): warning C4244: '=' : conversion from 'double' to 'Gdiplus::REAL', possible loss of data
c:\users\xuchuwen\documents\visual studio 2012\projects\mfcapplication4 - s - save\mfcapplication4\mfcapplication4dlg.cpp(500): warning C4244: '=' : conversion from 'double' to 'Gdiplus::REAL', possible loss of data
c:\users\xuchuwen\documents\visual studio 2012\projects\mfcapplication4 - s - save\mfcapplication4\mfcapplication4dlg.cpp(503): warning C4804: '>=' : unsafe use of type 'bool' in operation
c:\users\xuchuwen\documents\visual studio 2012\projects\mfcapplication4 - s - save\mfcapplication4\mfcapplication4dlg.cpp(505): warning C4244: '=' : conversion from 'double' to 'Gdiplus::REAL', possible loss of data
c:\users\xuchuwen\documents\visual studio 2012\projects\mfcapplication4 - s - save\mfcapplication4\mfcapplication4dlg.cpp(506): warning C4244: '=' : conversion from 'double' to 'Gdiplus::REAL', possible loss of data
c:\users\xuchuwen\documents\visual studio 2012\projects\mfcapplication4 - s - save\mfcapplication4\mfcapplication4dlg.cpp(507): warning C4244: '=' : conversion from 'double' to 'Gdiplus::REAL', possible loss of data
c:\users\xuchuwen\documents\visual studio 2012\projects\mfcapplication4 - s - save\mfcapplication4\mfcapplication4dlg.cpp(525): warning C4244: '=' : conversion from 'double' to 'Gdiplus::REAL', possible loss of data
c:\users\xuchuwen\documents\visual studio 2012\projects\mfcapplication4 - s - save\mfcapplication4\mfcapplication4dlg.cpp(526): warning C4244: '=' : conversion from 'double' to 'Gdiplus::REAL', possible loss of data
c:\users\xuchuwen\documents\visual studio 2012\projects\mfcapplication4 - s - save\mfcapplication4\mfcapplication4dlg.cpp(527): warning C4244: '=' : conversion from 'double' to 'Gdiplus::REAL', possible loss of data
c:\users\xuchuwen\documents\visual studio 2012\projects\mfcapplication4 - s - save\mfcapplication4\mfcapplication4dlg.cpp(549): warning C4244: 'argument' : conversion from 'Gdiplus::REAL' to 'BYTE', possible loss of data
c:\users\xuchuwen\documents\visual studio 2012\projects\mfcapplication4 - s - save\mfcapplication4\mfcapplication4dlg.cpp(606): warning C4244: '=' : conversion from 'double' to 'Gdiplus::REAL', possible loss of data
c:\users\xuchuwen\documents\visual studio 2012\projects\mfcapplication4 - s - save\mfcapplication4\mfcapplication4dlg.cpp(831): warning C4244: '=' : conversion from 'int' to 'float', possible loss of data
c:\users\xuchuwen\documents\visual studio 2012\projects\mfcapplication4 - s - save\mfcapplication4\mfcapplication4dlg.cpp(833): warning C4244: '=' : conversion from 'int' to 'float', possible loss of data
c:\users\xuchuwen\documents\visual studio 2012\projects\mfcapplication4 - s - save\mfcapplication4\mfcapplication4dlg.cpp(835): warning C4244: '=' : conversion from 'int' to 'float', possible loss of data
c:\users\xuchuwen\documents\visual studio 2012\projects\mfcapplication4 - s - save\mfcapplication4\mfcapplication4dlg.cpp(839): warning C4244: '=' : conversion from 'int' to 'float', possible loss of data
c:\users\xuchuwen\documents\visual studio 2012\projects\mfcapplication4 - s - save\mfcapplication4\mfcapplication4dlg.cpp(841): warning C4244: '=' : conversion from 'int' to 'float', possible loss of data
c:\users\xuchuwen\documents\visual studio 2012\projects\mfcapplication4 - s - save\mfcapplication4\mfcapplication4dlg.cpp(843): warning C4244: '=' : conversion from 'int' to 'float', possible loss of data
c:\users\xuchuwen\documents\visual studio 2012\projects\mfcapplication4 - s - save\mfcapplication4\mfcapplication4dlg.cpp(847): warning C4244: '=' : conversion from 'int' to 'float', possible loss of data
c:\users\xuchuwen\documents\visual studio 2012\projects\mfcapplication4 - s - save\mfcapplication4\mfcapplication4dlg.cpp(849): warning C4244: '=' : conversion from 'int' to 'float', possible loss of data
c:\users\xuchuwen\documents\visual studio 2012\projects\mfcapplication4 - s - save\mfcapplication4\mfcapplication4dlg.cpp(851): warning C4244: '=' : conversion from 'int' to 'float', possible loss of data
c:\users\xuchuwen\documents\visual studio 2012\projects\mfcapplication4 - s - save\mfcapplication4\mfcapplication4dlg.cpp(874): warning C4244: '=' : conversion from 'float' to 'int', possible loss of data
c:\users\xuchuwen\documents\visual studio 2012\projects\mfcapplication4 - s - save\mfcapplication4\mfcapplication4dlg.cpp(875): warning C4244: '=' : conversion from 'float' to 'int', possible loss of data
c:\users\xuchuwen\documents\visual studio 2012\projects\mfcapplication4 - s - save\mfcapplication4\mfcapplication4dlg.cpp(876): warning C4244: '=' : conversion from 'float' to 'int', possible loss of data
c:\users\xuchuwen\documents\visual studio 2012\projects\mfcapplication4 - s - save\mfcapplication4\mfcapplication4dlg.cpp(880): warning C4244: '=' : conversion from 'int' to 'float', possible loss of data
c:\users\xuchuwen\documents\visual studio 2012\projects\mfcapplication4 - s - save\mfcapplication4\mfcapplication4dlg.cpp(882): warning C4244: '=' : conversion from 'float' to 'int', possible loss of data
c:\users\xuchuwen\documents\visual studio 2012\projects\mfcapplication4 - s - save\mfcapplication4\mfcapplication4dlg.cpp(883): warning C4244: '=' : conversion from 'float' to 'int', possible loss of data
c:\users\xuchuwen\documents\visual studio 2012\projects\mfcapplication4 - s - save\mfcapplication4\mfcapplication4dlg.cpp(884): warning C4244: '=' : conversion from 'float' to 'int', possible loss of data
c:\users\xuchuwen\documents\visual studio 2012\projects\mfcapplication4 - s - save\mfcapplication4\mfcapplication4dlg.cpp(964): warning C4244: 'initializing' : conversion from 'double' to 'Gdiplus::REAL', possible loss of data
c:\users\xuchuwen\documents\visual studio 2012\projects\mfcapplication4 - s - save\mfcapplication4\mfcapplication4dlg.cpp(966): warning C4244: '=' : conversion from 'double' to 'Gdiplus::REAL', possible loss of data
c:\users\xuchuwen\documents\visual studio 2012\projects\mfcapplication4 - s - save\mfcapplication4\mfcapplication4dlg.cpp(967): warning C4244: '=' : conversion from 'double' to 'Gdiplus::REAL', possible loss of data
c:\users\xuchuwen\documents\visual studio 2012\projects\mfcapplication4 - s - save\mfcapplication4\mfcapplication4dlg.cpp(968): warning C4244: '=' : conversion from 'double' to 'Gdiplus::REAL', possible loss of data
c:\users\xuchuwen\documents\visual studio 2012\projects\mfcapplication4 - s - save\mfcapplication4\mfcapplication4dlg.cpp(1027): warning C4804: '>=' : unsafe use of type 'bool' in operation
c:\users\xuchuwen\documents\visual studio 2012\projects\mfcapplication4 - s - save\mfcapplication4\mfcapplication4dlg.cpp(1029): warning C4244: '=' : conversion from 'double' to 'Gdiplus::REAL', possible loss of data
c:\users\xuchuwen\documents\visual studio 2012\projects\mfcapplication4 - s - save\mfcapplication4\mfcapplication4dlg.cpp(1030): warning C4244: '=' : conversion from 'double' to 'Gdiplus::REAL', possible loss of data
c:\users\xuchuwen\documents\visual studio 2012\projects\mfcapplication4 - s - save\mfcapplication4\mfcapplication4dlg.cpp(1031): warning C4244: '=' : conversion from 'double' to 'Gdiplus::REAL', possible loss of data
c:\users\xuchuwen\documents\visual studio 2012\projects\mfcapplication4 - s - save\mfcapplication4\mfcapplication4dlg.cpp(1033): warning C4804: '>=' : unsafe use of type 'bool' in operation
c:\users\xuchuwen\documents\visual studio 2012\projects\mfcapplication4 - s - save\mfcapplication4\mfcapplication4dlg.cpp(1035): warning C4244: '=' : conversion from 'double' to 'Gdiplus::REAL', possible loss of data
c:\users\xuchuwen\documents\visual studio 2012\projects\mfcapplication4 - s - save\mfcapplication4\mfcapplication4dlg.cpp(1036): warning C4244: '=' : conversion from 'double' to 'Gdiplus::REAL', possible loss of data
c:\users\xuchuwen\documents\visual studio 2012\projects\mfcapplication4 - s - save\mfcapplication4\mfcapplication4dlg.cpp(1037): warning C4244: '=' : conversion from 'double' to 'Gdiplus::REAL', possible loss of data
c:\users\xuchuwen\documents\visual studio 2012\projects\mfcapplication4 - s - save\mfcapplication4\mfcapplication4dlg.cpp(1039): warning C4804: '>' : unsafe use of type 'bool' in operation
c:\users\xuchuwen\documents\visual studio 2012\projects\mfcapplication4 - s - save\mfcapplication4\mfcapplication4dlg.cpp(1041): warning C4244: '=' : conversion from 'double' to 'Gdiplus::REAL', possible loss of data
c:\users\xuchuwen\documents\visual studio 2012\projects\mfcapplication4 - s - save\mfcapplication4\mfcapplication4dlg.cpp(1042): warning C4244: '=' : conversion from 'double' to 'Gdiplus::REAL', possible loss of data
c:\users\xuchuwen\documents\visual studio 2012\projects\mfcapplication4 - s - save\mfcapplication4\mfcapplication4dlg.cpp(1043): warning C4244: '=' : conversion from 'double' to 'Gdiplus::REAL', possible loss of data
c:\users\xuchuwen\documents\visual studio 2012\projects\mfcapplication4 - s - save\mfcapplication4\mfcapplication4dlg.cpp(1047): warning C4244: '=' : conversion from 'double' to 'Gdiplus::REAL', possible loss of data
c:\users\xuchuwen\documents\visual studio 2012\projects\mfcapplication4 - s - save\mfcapplication4\mfcapplication4dlg.cpp(1048): warning C4244: '=' : conversion from 'double' to 'Gdiplus::REAL', possible loss of data
c:\users\xuchuwen\documents\visual studio 2012\projects\mfcapplication4 - s - save\mfcapplication4\mfcapplication4dlg.cpp(1049): warning C4244: '=' : conversion from 'double' to 'Gdiplus::REAL', possible loss of data
c:\users\xuchuwen\documents\visual studio 2012\projects\mfcapplication4 - s - save\mfcapplication4\mfcapplication4dlg.cpp(1080): warning C4244: 'argument' : conversion from 'Gdiplus::REAL' to 'BYTE', possible loss of data
c:\users\xuchuwen\documents\visual studio 2012\projects\mfcapplication4 - s - save\mfcapplication4\mfcapplication4dlg.cpp(1134): warning C4244: 'initializing' : conversion from 'double' to 'Gdiplus::REAL', possible loss of data
c:\users\xuchuwen\documents\visual studio 2012\projects\mfcapplication4 - s - save\mfcapplication4\mfcapplication4dlg.cpp(1135): warning C4244: '=' : conversion from 'double' to 'Gdiplus::REAL', possible loss of data
c:\users\xuchuwen\documents\visual studio 2012\projects\mfcapplication4 - s - save\mfcapplication4\mfcapplication4dlg.cpp(1136): warning C4244: '=' : conversion from 'double' to 'Gdiplus::REAL', possible loss of data
c:\users\xuchuwen\documents\visual studio 2012\projects\mfcapplication4 - s - save\mfcapplication4\mfcapplication4dlg.cpp(1137): warning C4244: '=' : conversion from 'double' to 'Gdiplus::REAL', possible loss of data
c:\users\xuchuwen\documents\visual studio 2012\projects\mfcapplication4 - s - save\mfcapplication4\mfcapplication4dlg.cpp(1191): warning C4804: '>=' : unsafe use of type 'bool' in operation
c:\users\xuchuwen\documents\visual studio 2012\projects\mfcapplication4 - s - save\mfcapplication4\mfcapplication4dlg.cpp(1193): warning C4244: '=' : conversion from 'double' to 'Gdiplus::REAL', possible loss of data
c:\users\xuchuwen\documents\visual studio 2012\projects\mfcapplication4 - s - save\mfcapplication4\mfcapplication4dlg.cpp(1194): warning C4244: '=' : conversion from 'double' to 'Gdiplus::REAL', possible loss of data
c:\users\xuchuwen\documents\visual studio 2012\projects\mfcapplication4 - s - save\mfcapplication4\mfcapplication4dlg.cpp(1195): warning C4244: '=' : conversion from 'double' to 'Gdiplus::REAL', possible loss of data
c:\users\xuchuwen\documents\visual studio 2012\projects\mfcapplication4 - s - save\mfcapplication4\mfcapplication4dlg.cpp(1197): warning C4804: '>=' : unsafe use of type 'bool' in operation
c:\users\xuchuwen\documents\visual studio 2012\projects\mfcapplication4 - s - save\mfcapplication4\mfcapplication4dlg.cpp(1199): warning C4244: '=' : conversion from 'double' to 'Gdiplus::REAL', possible loss of data
c:\users\xuchuwen\documents\visual studio 2012\projects\mfcapplication4 - s - save\mfcapplication4\mfcapplication4dlg.cpp(1200): warning C4244: '=' : conversion from 'double' to 'Gdiplus::REAL', possible loss of data
c:\users\xuchuwen\documents\visual studio 2012\projects\mfcapplication4 - s - save\mfcapplication4\mfcapplication4dlg.cpp(1201): warning C4244: '=' : conversion from 'double' to 'Gdiplus::REAL', possible loss of data
c:\users\xuchuwen\documents\visual studio 2012\projects\mfcapplication4 - s - save\mfcapplication4\mfcapplication4dlg.cpp(1203): warning C4804: '>' : unsafe use of type 'bool' in operation
c:\users\xuchuwen\documents\visual studio 2012\projects\mfcapplication4 - s - save\mfcapplication4\mfcapplication4dlg.cpp(1205): warning C4244: '=' : conversion from 'double' to 'Gdiplus::REAL', possible loss of data
c:\users\xuchuwen\documents\visual studio 2012\projects\mfcapplication4 - s - save\mfcapplication4\mfcapplication4dlg.cpp(1206): warning C4244: '=' : conversion from 'double' to 'Gdiplus::REAL', possible loss of data
c:\users\xuchuwen\documents\visual studio 2012\projects\mfcapplication4 - s - save\mfcapplication4\mfcapplication4dlg.cpp(1207): warning C4244: '=' : conversion from 'double' to 'Gdiplus::REAL', possible loss of data
c:\users\xuchuwen\documents\visual studio 2012\projects\mfcapplication4 - s - save\mfcapplication4\mfcapplication4dlg.cpp(1212): warning C4244: '=' : conversion from 'double' to 'Gdiplus::REAL', possible loss of data
c:\users\xuchuwen\documents\visual studio 2012\projects\mfcapplication4 - s - save\mfcapplication4\mfcapplication4dlg.cpp(1213): warning C4244: '=' : conversion from 'double' to 'Gdiplus::REAL', possible loss of data
c:\users\xuchuwen\documents\visual studio 2012\projects\mfcapplication4 - s - save\mfcapplication4\mfcapplication4dlg.cpp(1214): warning C4244: '=' : conversion from 'double' to 'Gdiplus::REAL', possible loss of data
c:\users\xuchuwen\documents\visual studio 2012\projects\mfcapplication4 - s - save\mfcapplication4\mfcapplication4dlg.cpp(1236): warning C4244: 'argument' : conversion from 'Gdiplus::REAL' to 'BYTE', possible loss of data
c:\users\xuchuwen\documents\visual studio 2012\projects\mfcapplication4 - s - save\mfcapplication4\mfcapplication4dlg.cpp(1287): warning C4244: 'initializing' : conversion from 'double' to 'Gdiplus::REAL', possible loss of data
c:\users\xuchuwen\documents\visual studio 2012\projects\mfcapplication4 - s - save\mfcapplication4\mfcapplication4dlg.cpp(1289): warning C4244: '=' : conversion from 'double' to 'Gdiplus::REAL', possible loss of data
c:\users\xuchuwen\documents\visual studio 2012\projects\mfcapplication4 - s - save\mfcapplication4\mfcapplication4dlg.cpp(1290): warning C4244: '=' : conversion from 'double' to 'Gdiplus::REAL', possible loss of data
c:\users\xuchuwen\documents\visual studio 2012\projects\mfcapplication4 - s - save\mfcapplication4\mfcapplication4dlg.cpp(1291): warning C4244: '=' : conversion from 'double' to 'Gdiplus::REAL', possible loss of data
c:\users\xuchuwen\documents\visual studio 2012\projects\mfcapplication4 - s - save\mfcapplication4\mfcapplication4dlg.cpp(1347): warning C4804: '>=' : unsafe use of type 'bool' in operation
c:\users\xuchuwen\documents\visual studio 2012\projects\mfcapplication4 - s - save\mfcapplication4\mfcapplication4dlg.cpp(1349): warning C4244: '=' : conversion from 'double' to 'Gdiplus::REAL', possible loss of data
c:\users\xuchuwen\documents\visual studio 2012\projects\mfcapplication4 - s - save\mfcapplication4\mfcapplication4dlg.cpp(1350): warning C4244: '=' : conversion from 'double' to 'Gdiplus::REAL', possible loss of data
c:\users\xuchuwen\documents\visual studio 2012\projects\mfcapplication4 - s - save\mfcapplication4\mfcapplication4dlg.cpp(1351): warning C4244: '=' : conversion from 'double' to 'Gdiplus::REAL', possible loss of data
c:\users\xuchuwen\documents\visual studio 2012\projects\mfcapplication4 - s - save\mfcapplication4\mfcapplication4dlg.cpp(1353): warning C4804: '>=' : unsafe use of type 'bool' in operation
c:\users\xuchuwen\documents\visual studio 2012\projects\mfcapplication4 - s - save\mfcapplication4\mfcapplication4dlg.cpp(1355): warning C4244: '=' : conversion from 'double' to 'Gdiplus::REAL', possible loss of data
c:\users\xuchuwen\documents\visual studio 2012\projects\mfcapplication4 - s - save\mfcapplication4\mfcapplication4dlg.cpp(1356): warning C4244: '=' : conversion from 'double' to 'Gdiplus::REAL', possible loss of data
c:\users\xuchuwen\documents\visual studio 2012\projects\mfcapplication4 - s - save\mfcapplication4\mfcapplication4dlg.cpp(1357): warning C4244: '=' : conversion from 'double' to 'Gdiplus::REAL', possible loss of data
c:\users\xuchuwen\documents\visual studio 2012\projects\mfcapplication4 - s - save\mfcapplication4\mfcapplication4dlg.cpp(1359): warning C4804: '>' : unsafe use of type 'bool' in operation
c:\users\xuchuwen\documents\visual studio 2012\projects\mfcapplication4 - s - save\mfcapplication4\mfcapplication4dlg.cpp(1361): warning C4244: '=' : conversion from 'double' to 'Gdiplus::REAL', possible loss of data
c:\users\xuchuwen\documents\visual studio 2012\projects\mfcapplication4 - s - save\mfcapplication4\mfcapplication4dlg.cpp(1362): warning C4244: '=' : conversion from 'double' to 'Gdiplus::REAL', possible loss of data
c:\users\xuchuwen\documents\visual studio 2012\projects\mfcapplication4 - s - save\mfcapplication4\mfcapplication4dlg.cpp(1363): warning C4244: '=' : conversion from 'double' to 'Gdiplus::REAL', possible loss of data
c:\users\xuchuwen\documents\visual studio 2012\projects\mfcapplication4 - s - save\mfcapplication4\mfcapplication4dlg.cpp(1368): warning C4244: '=' : conversion from 'double' to 'Gdiplus::REAL', possible loss of data
c:\users\xuchuwen\documents\visual studio 2012\projects\mfcapplication4 - s - save\mfcapplication4\mfcapplication4dlg.cpp(1369): warning C4244: '=' : conversion from 'double' to 'Gdiplus::REAL', possible loss of data
c:\users\xuchuwen\documents\visual studio 2012\projects\mfcapplication4 - s - save\mfcapplication4\mfcapplication4dlg.cpp(1370): warning C4244: '=' : conversion from 'double' to 'Gdiplus::REAL', possible loss of data
c:\users\xuchuwen\documents\visual studio 2012\projects\mfcapplication4 - s - save\mfcapplication4\mfcapplication4dlg.cpp(1392): warning C4244: 'argument' : conversion from 'Gdiplus::REAL' to 'BYTE', possible loss of data
c:\users\xuchuwen\documents\visual studio 2012\projects\mfcapplication4 - s - save\mfcapplication4\mfcapplication4dlg.cpp(1460): warning C4244: '=' : conversion from 'double' to 'Gdiplus::REAL', possible loss of data
c:\users\xuchuwen\documents\visual studio 2012\projects\mfcapplication4 - s - save\mfcapplication4\mfcapplication4dlg.cpp(1461): warning C4244: '=' : conversion from 'double' to 'Gdiplus::REAL', possible loss of data
c:\users\xuchuwen\documents\visual studio 2012\projects\mfcapplication4 - s - save\mfcapplication4\mfcapplication4dlg.cpp(1486): warning C4244: 'argument' : conversion from 'Gdiplus::REAL' to 'BYTE', possible loss of data
c:\users\xuchuwen\documents\visual studio 2012\projects\mfcapplication4 - s - save\mfcapplication4\mfcapplication4dlg.cpp(1547): warning C4244: '=' : conversion from 'double' to 'Gdiplus::REAL', possible loss of data
c:\users\xuchuwen\documents\visual studio 2012\projects\mfcapplication4 - s - save\mfcapplication4\mfcapplication4dlg.cpp(1548): warning C4244: '=' : conversion from 'double' to 'Gdiplus::REAL', possible loss of data
c:\users\xuchuwen\documents\visual studio 2012\projects\mfcapplication4 - s - save\mfcapplication4\mfcapplication4dlg.cpp(1575): warning C4244: 'argument' : conversion from 'Gdiplus::REAL' to 'BYTE', possible loss of data
c:\users\xuchuwen\documents\visual studio 2012\projects\mfcapplication4 - s - save\mfcapplication4\mfcapplication4dlg.cpp(1639): warning C4244: '=' : conversion from 'double' to 'Gdiplus::REAL', possible loss of data
c:\users\xuchuwen\documents\visual studio 2012\projects\mfcapplication4 - s - save\mfcapplication4\mfcapplication4dlg.cpp(1641): warning C4244: '=' : conversion from 'double' to 'Gdiplus::REAL', possible loss of data
c:\users\xuchuwen\documents\visual studio 2012\projects\mfcapplication4 - s - save\mfcapplication4\mfcapplication4dlg.cpp(1665): warning C4244: 'argument' : conversion from 'Gdiplus::REAL' to 'BYTE', possible loss of data
c:\users\xuchuwen\documents\visual studio 2012\projects\mfcapplication4 - s - save\mfcapplication4\mfcapplication4dlg.cpp(1809): warning C4244: '=' : conversion from 'double' to 'Gdiplus::REAL', possible loss of data
c:\users\xuchuwen\documents\visual studio 2012\projects\mfcapplication4 - s - save\mfcapplication4\mfcapplication4dlg.cpp(1810): warning C4244: '=' : conversion from 'double' to 'Gdiplus::REAL', possible loss of data
c:\users\xuchuwen\documents\visual studio 2012\projects\mfcapplication4 - s - save\mfcapplication4\mfcapplication4dlg.cpp(1811): warning C4244: '=' : conversion from 'double' to 'Gdiplus::REAL', possible loss of data
c:\users\xuchuwen\documents\visual studio 2012\projects\mfcapplication4 - s - save\mfcapplication4\mfcapplication4dlg.cpp(1835): warning C4244: 'argument' : conversion from 'Gdiplus::REAL' to 'BYTE', possible loss of data
Link:
  C:\Program Files (x86)\Microsoft Visual Studio 11.0\VC\bin\link.exe /ERRORREPORT:PROMPT /OUT:"C:\Users\xuchuwen\Documents\Visual Studio 2012\Projects\MFCApplication4 - s - save\Debug\MFCApplication4.exe" /INCREMENTAL /NOLOGO gdiplus.lib /MANIFEST /MANIFESTUAC:"level='asInvoker' uiAccess='false'" /manifest:embed /manifestinput:"C:\Program Files (x86)\Microsoft Visual Studio 11.0\VC\Include\Manifest\dpiaware.manifest" /DEBUG /PDB:"C:\Users\xuchuwen\Documents\Visual Studio 2012\Projects\MFCApplication4 - s - save\Debug\MFCApplication4.pdb" /SUBSYSTEM:WINDOWS /TLBID:1 /ENTRY:"wWinMainCRTStartup" /DYNAMICBASE /NXCOMPAT /IMPLIB:"C:\Users\xuchuwen\Documents\Visual Studio 2012\Projects\MFCApplication4 - s - save\Debug\MFCApplication4.lib" /MACHINE:X86 Debug\MFCApplication4.res
  Debug\MFCApplication4.obj
  Debug\MFCApplication4Dlg.obj
  Debug\stdafx.obj
  MFCApplication4.vcxproj -> C:\Users\xuchuwen\Documents\Visual Studio 2012\Projects\MFCApplication4 - s - save\Debug\MFCApplication4.exe
Done Building Project "C:\Users\xuchuwen\Documents\Visual Studio 2012\Projects\MFCApplication4 - s - save\MFCApplication4\MFCApplication4.vcxproj" (Build target(s)).

Build succeeded.

Time Elapsed 00:00:02.79
